<?xml version="1.0" encoding="UTF-8"?>
<testng-results skipped="0" failed="0" ignored="0" total="1" passed="1">
  <reporter-output>
  </reporter-output>
  <suite name="Suite" duration-ms="41038" started-at="2020-10-06T23:12:30 IST" finished-at="2020-10-06T23:13:11 IST">
    <groups>
    </groups>
    <test name="ChromeTest" duration-ms="41038" started-at="2020-10-06T23:12:30 IST" finished-at="2020-10-06T23:13:11 IST">
      <class name="com.etrading.skillkart.scripts.TC001">
        <test-method status="PASS" signature="openApp(java.lang.String, java.lang.String, java.lang.String, java.lang.String)[pri:0, instance:com.etrading.skillkart.scripts.TC001@2d6eabae]" name="openApp" is-config="true" duration-ms="16538" started-at="2020-10-06T23:12:30 IST" finished-at="2020-10-06T23:12:47 IST">
          <params>
            <param index="0">
              <value>
                <![CDATA[http://automationpractice.com/]]>
              </value>
            </param>
            <param index="1">
              <value>
                <![CDATA[chrome]]>
              </value>
            </param>
            <param index="2">
              <value>
                <![CDATA[10]]>
              </value>
            </param>
            <param index="3">
              <value>
                <![CDATA[10]]>
              </value>
            </param>
          </params>
          <reporter-output>
          </reporter-output>
        </test-method> <!-- openApp -->
        <test-method status="PASS" signature="loginToApp(java.lang.String, java.lang.String)[pri:0, instance:com.etrading.skillkart.scripts.TC001@2d6eabae]" name="loginToApp" is-config="true" duration-ms="7735" started-at="2020-10-06T23:12:47 IST" finished-at="2020-10-06T23:12:55 IST">
          <params>
            <param index="0">
              <value>
                <![CDATA[nameishemanth@gmail.com]]>
              </value>
            </param>
            <param index="1">
              <value>
                <![CDATA[Testing@123]]>
              </value>
            </param>
          </params>
          <reporter-output>
          </reporter-output>
        </test-method> <!-- loginToApp -->
        <test-method status="PASS" signature="testItemAddedToKart()[pri:0, instance:com.etrading.skillkart.scripts.TC001@2d6eabae]" name="testItemAddedToKart" duration-ms="13800" started-at="2020-10-06T23:12:55 IST" description="Verify Whether the Added Product is displayed in ODP" finished-at="2020-10-06T23:13:08 IST">
          <reporter-output>
          </reporter-output>
        </test-method> <!-- testItemAddedToKart -->
        <test-method status="PASS" signature="logout(org.testng.ITestResult)[pri:0, instance:com.etrading.skillkart.scripts.TC001@2d6eabae]" name="logout" is-config="true" duration-ms="2270" started-at="2020-10-06T23:13:08 IST" finished-at="2020-10-06T23:13:11 IST">
          <params>
            <param index="0">
              <value>
                <![CDATA[[TestResult name=testItemAddedToKart status=SUCCESS method=TC001.testItemAddedToKart()[pri:0, instance:com.etrading.skillkart.scripts.TC001@2d6eabae] output={null}]]]>
              </value>
            </param>
          </params>
          <reporter-output>
          </reporter-output>
        </test-method> <!-- logout -->
        <test-method status="PASS" signature="closeApp()[pri:0, instance:com.etrading.skillkart.scripts.TC001@2d6eabae]" name="closeApp" is-config="true" duration-ms="653" started-at="2020-10-06T23:13:11 IST" finished-at="2020-10-06T23:13:11 IST">
          <reporter-output>
          </reporter-output>
        </test-method> <!-- closeApp -->
      </class> <!-- com.etrading.skillkart.scripts.TC001 -->
    </test> <!-- ChromeTest -->
  </suite> <!-- Suite -->
</testng-results>
